<?xml version="1.0" encoding="UTF-8"?>
<!-- Generated by org.testng.reporters.JUnitXMLReporter -->
<testsuite ignored="0" hostname="home" failures="0" tests="6" name="Test" time="0.065" errors="0" timestamp="2023-09-15T09:26:06 EDT">
  <testcase classname="com.agile.saucedemo.testsScript.SauceNew" name="@BeforeTest setUp" time="-1.694784366584E9">
    <failure type="org.testng.TestNGException" message="
Parameter &amp;apos;browser&amp;apos; is required by BeforeTest on method setUp but has not been marked @Optional or defined
in C:\Users\marva\eclipse-workspace\TestNg\testng.xmlnew\testng.xml">
      <![CDATA[org.testng.TestNGException: 
Parameter 'browser' is required by BeforeTest on method setUp but has not been marked @Optional or defined
in C:\Users\marva\eclipse-workspace\TestNg\testng.xmlnew\testng.xml
... Removed 21 stack frames]]>
    </failure>
  </testcase> <!-- @BeforeTest setUp -->
  <testcase classname="com.agile.saucedemo.testsScript.SauceNew" name="userLogin" time="0.0">
    <skipped/>
  </testcase> <!-- userLogin -->
  <testcase classname="com.agile.saucedemo.testsScript.SauceNew" name="password" time="0.0">
    <skipped/>
  </testcase> <!-- password -->
  <testcase classname="com.agile.saucedemo.testsScript.SauceNew" name="loginInp" time="0.0">
    <skipped/>
  </testcase> <!-- loginInp -->
  <testcase classname="com.agile.saucedemo.testsScript.SauceNew" name="addcard" time="0.0">
    <skipped/>
  </testcase> <!-- addcard -->
  <testcase classname="com.agile.saucedemo.testsScript.SauceNew" name="numberCard" time="0.0">
    <skipped/>
  </testcase> <!-- numberCard -->
  <testcase classname="com.agile.saucedemo.testsScript.SauceNew" name="cardAdd" time="0.0">
    <skipped/>
  </testcase> <!-- cardAdd -->
</testsuite> <!-- Test -->
